    Program O has encountered an error. this may help:
    Error # 8
    Message: Undefined variable: dbh
    File: /opt/lampp/htdocs/husna/application/views/uploadaiml2.php, line 15

    Program O has encountered an error. this may help:
    Error # 8
    Message: Undefined variable: dbPort
    File: /opt/lampp/htdocs/husna/application/views/uploadaiml2.php, line 15

    Program O has encountered an error. this may help:
    Error # 8
    Message: Undefined variable: dbh
    File: /opt/lampp/htdocs/husna/application/views/uploadaiml2.php, line 16

    Program O has encountered an error. this may help:
    Error # 8
    Message: Undefined variable: dbPort
    File: /opt/lampp/htdocs/husna/application/views/uploadaiml2.php, line 16

    Program O has encountered an error. this may help:
    Error # 8
    Message: Undefined variable: dbh
    File: /opt/lampp/htdocs/husna/application/views/uploadaiml2.php, line 15

    Program O has encountered an error. this may help:
    Error # 8
    Message: Undefined variable: dbPort
    File: /opt/lampp/htdocs/husna/application/views/uploadaiml2.php, line 15

    Program O has encountered an error. this may help:
    Error # 8
    Message: Undefined variable: dbh
    File: /opt/lampp/htdocs/husna/application/views/uploadaiml2.php, line 16

    Program O has encountered an error. this may help:
    Error # 8
    Message: Undefined variable: dbPort
    File: /opt/lampp/htdocs/husna/application/views/uploadaiml2.php, line 16

    Program O has encountered an error. this may help:
    Error # 8
    Message: Undefined variable: dbh
    File: /opt/lampp/htdocs/husna/application/views/uploadaiml2.php, line 16

    Program O has encountered an error. this may help:
    Error # 8
    Message: Undefined variable: dbPort
    File: /opt/lampp/htdocs/husna/application/views/uploadaiml2.php, line 16

    Program O has encountered an error. this may help:
    Error # 8
    Message: Undefined variable: dbh
    File: /opt/lampp/htdocs/husna/application/views/uploadaiml2.php, line 16

    Program O has encountered an error. this may help:
    Error # 8
    Message: Undefined variable: dbPort
    File: /opt/lampp/htdocs/husna/application/views/uploadaiml2.php, line 16

    Program O has encountered an error. this may help:
    Error # 8
    Message: Undefined variable: a
    File: /opt/lampp/htdocs/husna/application/views/uploadaiml2.php, line 15

    Program O has encountered an error. this may help:
    Error # 8
    Message: Undefined variable: a
    File: /opt/lampp/htdocs/husna/application/views/uploadaiml2.php, line 17

    Program O has encountered an error. this may help:
    Error # 8
    Message: Undefined variable: a
    File: /opt/lampp/htdocs/husna/application/views/uploadaiml2.php, line 15

    Program O has encountered an error. this may help:
    Error # 2
    Message: require_once(config/global_config.php): failed to open stream: No such file or directory
    File: /opt/lampp/htdocs/husna/application/views/uploadaiml2.php, line 16

    Program O has encountered an error. this may help:
    Error # 2
    Message: require_once(config/global_config.php): failed to open stream: No such file or directory
    File: /opt/lampp/htdocs/husna/application/views/uploadaiml2.php, line 13

    Program O has encountered an error. this may help:
    Error # 2
    Message: require_once(config/global_config.php): failed to open stream: No such file or directory
    File: /opt/lampp/htdocs/husna/application/views/uploadaiml2.php, line 13

    Program O has encountered an error. this may help:
    Error # 2
    Message: require_once(config/global_config.php): failed to open stream: No such file or directory
    File: /opt/lampp/htdocs/husna/application/views/uploadaiml2.php, line 13

    Program O has encountered an error. this may help:
    Error # 2
    Message: require_once(config/global_config.php): failed to open stream: No such file or directory
    File: /opt/lampp/htdocs/husna/application/views/uploadaiml2.php, line 13

    Program O has encountered an error. this may help:
    Error # 2
    Message: require_once(config/global_config.php): failed to open stream: No such file or directory
    File: /opt/lampp/htdocs/husna/application/views/uploadaiml2.php, line 13

    Program O has encountered an error. this may help:
    Error # 2
    Message: require_once(config/global_config.php): failed to open stream: No such file or directory
    File: /opt/lampp/htdocs/husna/application/views/uploadaiml2.php, line 13

    Program O has encountered an error. this may help:
    Error # 2
    Message: require_once(config/global_config.php): failed to open stream: No such file or directory
    File: /opt/lampp/htdocs/husna/application/views/uploadaiml2.php, line 13

    Program O has encountered an error. this may help:
    Error # 2
    Message: require_once(config/global_config.php): failed to open stream: No such file or directory
    File: /opt/lampp/htdocs/husna/application/views/uploadaiml2.php, line 13

    Program O has encountered an error. this may help:
    Error # 2
    Message: require_once(config/global_config.php): failed to open stream: No such file or directory
    File: /opt/lampp/htdocs/husna/application/views/uploadaiml2.php, line 13

    Program O has encountered an error. this may help:
    Error # 2
    Message: require_once(config/global_config.php): failed to open stream: No such file or directory
    File: /opt/lampp/htdocs/husna/application/views/uploadaiml2.php, line 13

    Program O has encountered an error. this may help:
    Error # 2
    Message: require_once(config/global_config.php): failed to open stream: No such file or directory
    File: /opt/lampp/htdocs/husna/application/views/uploadaiml2.php, line 13

    Program O has encountered an error. this may help:
    Error # 2
    Message: require_once(config/global_config.php): failed to open stream: No such file or directory
    File: /opt/lampp/htdocs/husna/application/views/uploadaiml2.php, line 13

    Program O has encountered an error. this may help:
    Error # 2
    Message: require_once(config/global_config.php): failed to open stream: No such file or directory
    File: /opt/lampp/htdocs/husna/application/views/uploadaiml2.php, line 12

    Program O has encountered an error. this may help:
    Error # 2
    Message: require_once(config/global_config.php): failed to open stream: No such file or directory
    File: /opt/lampp/htdocs/husna/application/views/uploadaiml2.php, line 14

    Program O has encountered an error. this may help:
    Error # 2
    Message: require_once(config/global_config.php): failed to open stream: No such file or directory
    File: /opt/lampp/htdocs/husna/application/views/uploadaiml2.php, line 13

    Program O has encountered an error. this may help:
    Error # 8
    Message: Undefined variable: a
    File: /opt/lampp/htdocs/husna/application/views/uploadaiml2.php, line 911

    Program O has encountered an error. this may help:
    Error # 2
    Message: require_once(config/global_config.php): failed to open stream: No such file or directory
    File: /opt/lampp/htdocs/husna/application/views/uploadaiml2.php, line 13

    Program O has encountered an error. this may help:
    Error # 8
    Message: Undefined variable: a
    File: /opt/lampp/htdocs/husna/application/views/uploadaiml2.php, line 911

    Program O has encountered an error. this may help:
    Error # 2
    Message: require_once(config/global_config.php): failed to open stream: No such file or directory
    File: /opt/lampp/htdocs/husna/application/views/uploadaiml2.php, line 13

    Program O has encountered an error. this may help:
    Error # 8
    Message: Undefined variable: dbh
    File: /opt/lampp/htdocs/husna/application/views/uploadaiml2.php, line 911

    Program O has encountered an error. this may help:
    Error # 2
    Message: require_once(config/global_config.php): failed to open stream: No such file or directory
    File: /opt/lampp/htdocs/husna/application/views/uploadaiml2.php, line 13

    Program O has encountered an error. this may help:
    Error # 2
    Message: require_once(config/global_config.php): failed to open stream: No such file or directory
    File: /opt/lampp/htdocs/husna/application/views/uploadaiml2.php, line 15

    Program O has encountered an error. this may help:
    Error # 2
    Message: require_once(config/global_config.php): failed to open stream: No such file or directory
    File: /opt/lampp/htdocs/husna/application/views/uploadaiml2.php, line 15

    Program O has encountered an error. this may help:
    Error # 8
    Message: Undefined variable: a
    File: /opt/lampp/htdocs/husna/application/views/uploadaiml2.php, line 15

    Program O has encountered an error. this may help:
    Error # 8
    Message: Undefined variable: a
    File: /opt/lampp/htdocs/husna/application/views/uploadaiml2.php, line 15

    Program O has encountered an error. this may help:
    Error # 8
    Message: Undefined variable: bot_id
    File: /opt/lampp/htdocs/husna/application/views/uploadaiml2.php, line 155

    Program O has encountered an error. this may help:
    Error # 8
    Message: Array to string conversion
    File: /opt/lampp/htdocs/husna/application/views/uploadaiml2.php, line 815

    Program O has encountered an error. this may help:
    Error # 8
    Message: Array to string conversion
    File: /opt/lampp/htdocs/husna/application/views/uploadaiml2.php, line 815

    Program O has encountered an error. this may help:
    Error # 8
    Message: Undefined variable: idAdmin
    File: /opt/lampp/htdocs/husna/application/views/uploadaiml2.php, line 784

    Program O has encountered an error. this may help:
    Error # 8
    Message: Undefined variable: idAdmin
    File: /opt/lampp/htdocs/husna/application/views/uploadaiml2.php, line 784

    Program O has encountered an error. this may help:
    Error # 8
    Message: Undefined variable: idAdmin
    File: /opt/lampp/htdocs/husna/application/views/uploadaiml2.php, line 784

    Program O has encountered an error. this may help:
    Error # 8
    Message: Undefined variable: idAdmin
    File: /opt/lampp/htdocs/husna/application/views/uploadaiml2.php, line 784

    Program O has encountered an error. this may help:
    Error # 8
    Message: Undefined variable: idAdmin
    File: /opt/lampp/htdocs/husna/application/views/uploadaiml2.php, line 784

    Program O has encountered an error. this may help:
    Error # 8
    Message: Undefined variable: idAdmin
    File: /opt/lampp/htdocs/husna/application/views/uploadaiml2.php, line 784

    Program O has encountered an error. this may help:
    Error # 8
    Message: Undefined variable: idAdmin
    File: /opt/lampp/htdocs/husna/application/views/uploadaiml2.php, line 784

    Program O has encountered an error. this may help:
    Error # 8
    Message: Undefined variable: idAdmin
    File: /opt/lampp/htdocs/husna/application/views/uploadaiml2.php, line 784

    Program O has encountered an error. this may help:
    Error # 8
    Message: Undefined variable: idAdmin
    File: /opt/lampp/htdocs/husna/application/views/uploadaiml2.php, line 784

    Program O has encountered an error. this may help:
    Error # 8
    Message: Undefined variable: idAdmin
    File: /opt/lampp/htdocs/husna/application/views/uploadaiml2.php, line 784

    Program O has encountered an error. this may help:
    Error # 8
    Message: Undefined variable: idAdmin
    File: /opt/lampp/htdocs/husna/application/views/uploadaiml2.php, line 784

    Program O has encountered an error. this may help:
    Error # 8
    Message: Undefined variable: idAdmin
    File: /opt/lampp/htdocs/husna/application/views/uploadaiml2.php, line 784

    Program O has encountered an error. this may help:
    Error # 8
    Message: Undefined variable: idAdmin
    File: /opt/lampp/htdocs/husna/application/views/uploadaiml2.php, line 784

    Program O has encountered an error. this may help:
    Error # 8
    Message: Undefined variable: idAdmin
    File: /opt/lampp/htdocs/husna/application/views/uploadaiml2.php, line 784

    Program O has encountered an error. this may help:
    Error # 8
    Message: Undefined variable: idAdmin
    File: /opt/lampp/htdocs/husna/application/views/uploadaiml2.php, line 784

    Program O has encountered an error. this may help:
    Error # 8
    Message: Undefined variable: idAdmin
    File: /opt/lampp/htdocs/husna/application/views/uploadaiml2.php, line 784

    Program O has encountered an error. this may help:
    Error # 8
    Message: Undefined variable: idAdmin
    File: /opt/lampp/htdocs/husna/application/views/uploadaiml2.php, line 784

    Program O has encountered an error. this may help:
    Error # 8
    Message: Undefined variable: idAdmin
    File: /opt/lampp/htdocs/husna/application/views/uploadaiml2.php, line 784

    Program O has encountered an error. this may help:
    Error # 8
    Message: Undefined variable: idAdmin
    File: /opt/lampp/htdocs/husna/application/views/uploadaiml2.php, line 784

    Program O has encountered an error. this may help:
    Error # 8
    Message: Undefined variable: idAdmin
    File: /opt/lampp/htdocs/husna/application/views/uploadaiml2.php, line 784

    Program O has encountered an error. this may help:
    Error # 8
    Message: Undefined variable: idAdmin
    File: /opt/lampp/htdocs/husna/application/views/uploadaiml2.php, line 784

    Program O has encountered an error. this may help:
    Error # 8
    Message: Undefined variable: idAdmin
    File: /opt/lampp/htdocs/husna/application/views/uploadaiml2.php, line 784

    Program O has encountered an error. this may help:
    Error # 8
    Message: Undefined variable: idAdmin
    File: /opt/lampp/htdocs/husna/application/views/uploadaiml2.php, line 784

    Program O has encountered an error. this may help:
    Error # 8
    Message: Undefined variable: idAdmin
    File: /opt/lampp/htdocs/husna/application/views/uploadaiml2.php, line 784

    Program O has encountered an error. this may help:
    Error # 8
    Message: Undefined variable: idAdmin
    File: /opt/lampp/htdocs/husna/application/views/uploadaiml2.php, line 784

    Program O has encountered an error. this may help:
    Error # 8
    Message: Undefined variable: idAdmin
    File: /opt/lampp/htdocs/husna/application/views/uploadaiml2.php, line 784

    Program O has encountered an error. this may help:
    Error # 8
    Message: Undefined variable: idAdmin
    File: /opt/lampp/htdocs/husna/application/views/uploadaiml2.php, line 784

    Program O has encountered an error. this may help:
    Error # 8
    Message: Undefined variable: idAdmin
    File: /opt/lampp/htdocs/husna/application/views/uploadaiml2.php, line 784

    Program O has encountered an error. this may help:
    Error # 8
    Message: Undefined variable: idAdmin
    File: /opt/lampp/htdocs/husna/application/views/uploadaiml2.php, line 784

    Program O has encountered an error. this may help:
    Error # 8
    Message: Undefined variable: idAdmin
    File: /opt/lampp/htdocs/husna/application/views/uploadaiml2.php, line 784

    Program O has encountered an error. this may help:
    Error # 8
    Message: Undefined variable: idA
    File: /opt/lampp/htdocs/husna/application/views/uploadaiml2.php, line 36

    Program O has encountered an error. this may help:
    Error # 8
    Message: Undefined variable: bot_id
    File: /opt/lampp/htdocs/husna/application/views/uploadaiml2.php, line 31

